<?xml version="1.0" encoding="UTF-8" ?>
<testsuite tests="2" failures="0" name="org.solent.com528.project.impl.dao.jpa.test.StationDAOJpaImplTest" time="0.954" errors="0" skipped="0">
  <properties>
[...]
</properties>
  <testcase classname="org.solent.com528.project.impl.dao.jpa.test.StationDAOJpaImplTest" name="createStationDAOJpaImplTest" time="0.01"/>
  <testcase classname="org.solent.com528.project.impl.dao.jpa.test.StationDAOJpaImplTest" name="stationDAOJpaImplTest" time="0.944"/>
</testsuite>